<?xml version="1.0" encoding="UTF-8"?>
<testng-results skipped="0" failed="0" ignored="0" total="1" passed="1">
  <reporter-output>
  </reporter-output>
  <suite name="Default suite" duration-ms="20976" started-at="2019-11-15T18:14:39Z" finished-at="2019-11-15T18:15:00Z">
    <groups>
      <group name="cucumber">
        <method signature="AbstractTestNGCucumberTests.runScenario(io.cucumber.testng.PickleEventWrapper, io.cucumber.testng.CucumberFeatureWrapper)[pri:0, instance:testRunner.TestRunner@1e127982]" name="runScenario" class="io.cucumber.testng.AbstractTestNGCucumberTests"/>
      </group> <!-- cucumber -->
    </groups>
    <test name="Default test" duration-ms="20976" started-at="2019-11-15T18:14:39Z" finished-at="2019-11-15T18:15:00Z">
      <class name="testRunner.TestRunner">
        <test-method status="PASS" signature="setUpClass()[pri:0, instance:testRunner.TestRunner@1e127982]" name="setUpClass" is-config="true" duration-ms="247" started-at="2019-11-15T18:14:39Z" finished-at="2019-11-15T18:14:39Z">
          <reporter-output>
          </reporter-output>
        </test-method> <!-- setUpClass -->
        <test-method status="PASS" signature="runScenario(io.cucumber.testng.PickleEventWrapper, io.cucumber.testng.CucumberFeatureWrapper)[pri:0, instance:testRunner.TestRunner@1e127982]" name="runScenario" duration-ms="20595" started-at="2019-11-15T18:14:39Z" description="Runs Cucumber Scenarios" data-provider="scenarios" finished-at="2019-11-15T18:15:00Z">
          <params>
            <param index="0">
              <value>
                <![CDATA["As a user I should be able to log in with valid credentials"]]>
              </value>
            </param>
            <param index="1">
              <value>
                <![CDATA["Login Feature"]]>
              </value>
            </param>
          </params>
          <reporter-output>
          </reporter-output>
        </test-method> <!-- runScenario -->
        <test-method status="PASS" signature="tearDownClass()[pri:0, instance:testRunner.TestRunner@1e127982]" name="tearDownClass" is-config="true" duration-ms="6" started-at="2019-11-15T18:15:00Z" finished-at="2019-11-15T18:15:00Z">
          <reporter-output>
          </reporter-output>
        </test-method> <!-- tearDownClass -->
      </class> <!-- testRunner.TestRunner -->
    </test> <!-- Default test -->
  </suite> <!-- Default suite -->
</testng-results>
